30 2.74223 2.76239 104.13
30 44.6656 32.4145 140.548
30 117.179 100.814 42.0954
30 135.482 34.3011 23.37
30 102.983 49.9072 114.964
30 54.2338 120.642 141.377
30 58.7775 43.7319 60.774
30 25.5771 80.4743 104.406
15 71.1844 78.0958 92.347
15 103.841 16.1415 74.2279
15 113.223 110.054 146.313
15 64.0656 144.837 99.3187
15 68.836 121.31 62.2242
15 87.1013 61.8971 7.8082
15 0.697556 89.7826 143.543
15 109.98 142.899 136.134
15 96.1881 141.324 94.342
15 87.2307 10.0159 20.6462
15 127.905 100.853 121.571
15 128.227 44.7616 72.4471
15 30.55 104.524 55.4606
15 23.4447 12.9159 47.8283
15 135.762 92.1785 83.0166
15 0.45456 71.1558 51.8454
15 144.16 142.406 46.2837
15 71.8849 82.441 122.817
15 86.2268 136.386 42.3752
15 33.5932 132.099 42.0726
